<?xml version="1.0" encoding="UTF-8"?>
<testsuite name="Login Test"
           tests="4"
           failures="0"
           errors="0"
           skipped="0"
           time="7.722">
  <properties />
  
  
            <testcase name="verifyThatUserShouldLogOutSuccessFully" time="2.368" classname="com.nopcommerce.demo.testsuite.LoginPageTest" />
                <testcase name="verifyThatUserShouldLogInSuccessFullyWithValidCredentials" time="2.042" classname="com.nopcommerce.demo.testsuite.LoginPageTest" />
                <testcase name="verifyTheErrorMessageWithInValidCredentials" time="2.141" classname="com.nopcommerce.demo.testsuite.LoginPageTest" />
                <testcase name="userShouldNavigateToLoginPageSuccessFully" time="1.171" classname="com.nopcommerce.demo.testsuite.LoginPageTest" />
      
</testsuite>
