<?xml version="1.0" encoding="UTF-8"?>
<testsuite name="Login Test"
           tests="5"
           failures="0"
           errors="0"
           skipped="0"
           time="11.517">
  <properties />
  
  
            <testcase name="verifyThatUserShouldBuildYouOwnComputerAndAddThemToCartSuccessfully" time="2.967" classname="com.nopcommerce.demo.testsuite.ComputerPageTest" />
                <testcase name="verifyThatUserShouldBuildYouOwnComputerAndAddThemToCartSuccessfully" time="2.793" classname="com.nopcommerce.demo.testsuite.ComputerPageTest" />
                <testcase name="verifyUserShouldNavigateToComputerPageSuccessfully" time="1.395" classname="com.nopcommerce.demo.testsuite.ComputerPageTest" />
                <testcase name="verifyThatUserShouldBuildYouOwnComputerAndAddThemToCartSuccessfully" time="2.718" classname="com.nopcommerce.demo.testsuite.ComputerPageTest" />
                <testcase name="verifyUserShouldNavigateToDesktopsPageSuccessfully" time="1.644" classname="com.nopcommerce.demo.testsuite.ComputerPageTest" />
      
</testsuite>
